........................................                                 [100%]
=============================== tests coverage ================================
_______________ coverage: platform win32, python 3.12.6-final-0 _______________

Name                                         Stmts   Miss  Cover   Missing
--------------------------------------------------------------------------
accounts\__init__.py                             0      0   100%
accounts\apps.py                                 7      0   100%
accounts\authentication.py                      23      2    91%   41, 49
accounts\exceptions.py                          22      2    91%   28, 40
accounts\management\__init__.py                  0      0   100%
accounts\management\commands\__init__.py         0      0   100%
accounts\management\commands\init_admin.py      33      8    76%   23, 38-39, 41-42, 44-46
accounts\migrations\0001_initial.py              6      6     0%   2-11
accounts\migrations\__init__.py                  0      0   100%
accounts\models.py                             100      4    96%   57, 81, 105, 171
accounts\schema.py                               8      0   100%
accounts\serializers.py                         96      1    99%   29
accounts\tokens.py                              10      0   100%
accounts\views.py                              189     17    91%   45, 58, 66, 74-75, 119, 225, 279, 311, 315, 321, 323, 327, 334, 391, 395, 399
config\__init__.py                               2      0   100%
config\settings\__init__.py                      0      0   100%
config\settings\base.py                         51      3    94%   16, 39, 43
config\settings\local.py                         2      2     0%   1-4
config\settings\test.py                         10      0   100%
config\urls.py                                   4      0   100%
--------------------------------------------------------------------------
TOTAL                                          563     45    92%
Coverage HTML written to dir tests/evidence/htmlcov
40 passed, 5 warnings in 3.94s
